('int', -1)
('a', (86, 0))
('int', -1)
('b', (11, 0))
('int', -1)
('c', (17, 0))
('read', -1)
('(', -1)
('a', (86, 0))
(')', -1)
('read', -1)
('(', -1)
('b', (11, 0))
(')', -1)
('read', -1)
('(', -1)
('c', (17, 0))
(')', -1)
('int', -1)
('d', (56, 0))
('=', -1)
('a', (86, 0))
('if', -1)
('b', (11, 0))
('>', -1)
('d', (56, 0))
('then', -1)
('d', (56, 0))
('=', -1)
('b', (11, 0))
('if', -1)
('c', (17, 0))
('>', -1)
('d', (56, 0))
('then', -1)
('d', (56, 0))
('=', -1)
('c', (17, 0))
('write', -1)
('(', -1)
('d', (56, 0))
(')', -1)
