('int', 0)
('x', (98, 0))
('read', 0)
('(', 0)
('x', (98, 0))
(')', 0)
('int', 0)
('i', (17, 0))
('=', 0)
('2', (2, 0))
('int', 0)
('prime', (34, 0))
('=', 0)
('1', (1, 0))
('while', 0)
('i', (17, 0))
('*', 0)
('i', (17, 0))
('<=', 0)
('x', (98, 0))
('&', 0)
('prime', (34, 0))
('==', 0)
('1', (1, 0))
('do', 0)
('begin', 0)
('if', 0)
('x', (98, 0))
('%', 0)
('i', (17, 0))
('==', 0)
('0', (0, 0))
('then', 0)
('prime', (34, 0))
('=', 0)
('0', (0, 0))
('i', (17, 0))
('=', 0)
('i', (17, 0))
('+', 0)
('1', (1, 0))
('end', 0)
('if', 0)
('prime', (34, 0))
('==', 0)
('1', (1, 0))
('do', 0)
('write', 0)
('(', 0)
('"Yes, it is prime!"', (3, 0))
(')', 0)
('else', 0)
('write', 0)
('(', 0)
('"No, it is not prime."', (30, 0))
(')', 0)
