('int', 0)
('n', (10, 0))
('int', 0)
('a', (14, 0))
('read', 0)
('(', 0)
('n', (10, 0))
(')', 0)
('int', 0)
('sum', (2, 0))
('=', 0)
('0', (0, 0))
('int', 0)
('i', (96, 0))
('=', 0)
('1', (1, 0))
('while', 0)
('i', (96, 0))
('<=', 0)
('n', (10, 0))
('do', 0)
('begin', 0)
('read', 0)
('(', 0)
('a', (14, 0))
(')', 0)
('sum', (2, 0))
('=', 0)
('sum', (2, 0))
('+', 0)
('a', (14, 0))
('i', (96, 0))
('=', 0)
('i', (96, 0))
('+', 0)
('1', (1, 0))
('end', 0)
('write', 0)
('(', 0)
('sum', (2, 0))
(')', 0)
